<?xml version="1.0" encoding="UTF-8"?>
<!DOCTYPE mapper PUBLIC "-//mybatis.org//DTD Mapper 3.0//EN" "http://mybatis.org/dtd/mybatis-3-mapper.dtd">

<mapper namespace="com.hyunjin.fsms.mapper.HomeMapper">

    <select id="selectTest"  resultType="String">
        <![CDATA[
         	SELECT menu_id from HJW.dbo.M_MENU mm where mm.Menu_id = 1010
        ]]>
    </select>
    

</mapper>

